E, [2015-04-08T20:10:59.406085 #1305] ERROR -- Kitchen: ------Exception-------
E, [2015-04-08T20:10:59.406178 #1305] ERROR -- Kitchen: Class: Kitchen::UserError
E, [2015-04-08T20:10:59.406250 #1305] ERROR -- Kitchen: Message: Kitchen YAML file /Users/ranish/learningchef/Chap15/chef-playground/.kitchen.yml does not exist.
E, [2015-04-08T20:10:59.406282 #1305] ERROR -- Kitchen: ------Backtrace-------
E, [2015-04-08T20:10:59.406314 #1305] ERROR -- Kitchen: /opt/chefdk/embedded/apps/test-kitchen/lib/kitchen/loader/yaml.rb:74:in `read'
E, [2015-04-08T20:10:59.406341 #1305] ERROR -- Kitchen: /opt/chefdk/embedded/apps/test-kitchen/lib/kitchen/config.rb:139:in `data'
E, [2015-04-08T20:10:59.406360 #1305] ERROR -- Kitchen: /opt/chefdk/embedded/apps/test-kitchen/lib/kitchen/config.rb:118:in `suites'
E, [2015-04-08T20:10:59.406379 #1305] ERROR -- Kitchen: /opt/chefdk/embedded/apps/test-kitchen/lib/kitchen/config.rb:169:in `filter_instances'
E, [2015-04-08T20:10:59.406398 #1305] ERROR -- Kitchen: /opt/chefdk/embedded/apps/test-kitchen/lib/kitchen/config.rb:128:in `build_instances'
E, [2015-04-08T20:10:59.406422 #1305] ERROR -- Kitchen: /opt/chefdk/embedded/apps/test-kitchen/lib/kitchen/config.rb:104:in `instances'
E, [2015-04-08T20:10:59.406442 #1305] ERROR -- Kitchen: /opt/chefdk/embedded/apps/test-kitchen/lib/kitchen/command.rb:115:in `filtered_instances'
E, [2015-04-08T20:10:59.406460 #1305] ERROR -- Kitchen: /opt/chefdk/embedded/apps/test-kitchen/lib/kitchen/command.rb:145:in `parse_subcommand'
E, [2015-04-08T20:10:59.406479 #1305] ERROR -- Kitchen: /opt/chefdk/embedded/apps/test-kitchen/lib/kitchen/command/list.rb:32:in `call'
E, [2015-04-08T20:10:59.406497 #1305] ERROR -- Kitchen: /opt/chefdk/embedded/apps/test-kitchen/lib/kitchen/cli.rb:56:in `perform'
E, [2015-04-08T20:10:59.406516 #1305] ERROR -- Kitchen: /opt/chefdk/embedded/apps/test-kitchen/lib/kitchen/cli.rb:97:in `list'
E, [2015-04-08T20:10:59.406534 #1305] ERROR -- Kitchen: /opt/chefdk/embedded/lib/ruby/gems/2.1.0/gems/thor-0.19.1/lib/thor/command.rb:27:in `run'
E, [2015-04-08T20:10:59.406553 #1305] ERROR -- Kitchen: /opt/chefdk/embedded/lib/ruby/gems/2.1.0/gems/thor-0.19.1/lib/thor/invocation.rb:126:in `invoke_command'
E, [2015-04-08T20:10:59.406574 #1305] ERROR -- Kitchen: /opt/chefdk/embedded/apps/test-kitchen/lib/kitchen/cli.rb:304:in `invoke_task'
E, [2015-04-08T20:10:59.406595 #1305] ERROR -- Kitchen: /opt/chefdk/embedded/lib/ruby/gems/2.1.0/gems/thor-0.19.1/lib/thor.rb:359:in `dispatch'
E, [2015-04-08T20:10:59.406614 #1305] ERROR -- Kitchen: /opt/chefdk/embedded/lib/ruby/gems/2.1.0/gems/thor-0.19.1/lib/thor/base.rb:440:in `start'
E, [2015-04-08T20:10:59.406633 #1305] ERROR -- Kitchen: /opt/chefdk/embedded/apps/test-kitchen/bin/kitchen:13:in `block in <top (required)>'
E, [2015-04-08T20:10:59.406691 #1305] ERROR -- Kitchen: /opt/chefdk/embedded/apps/test-kitchen/lib/kitchen/errors.rb:154:in `with_friendly_errors'
E, [2015-04-08T20:10:59.406715 #1305] ERROR -- Kitchen: /opt/chefdk/embedded/apps/test-kitchen/bin/kitchen:13:in `<top (required)>'
E, [2015-04-08T20:10:59.406734 #1305] ERROR -- Kitchen: /opt/chefdk/bin/kitchen:15:in `load'
E, [2015-04-08T20:10:59.406752 #1305] ERROR -- Kitchen: /opt/chefdk/bin/kitchen:15:in `<main>'
E, [2015-04-08T20:10:59.406770 #1305] ERROR -- Kitchen: ----------------------
