I, [2015-03-29T16:17:26.976728 #3118]  INFO -- default-centos65: -----> Creating <default-centos65>...
I, [2015-03-29T16:17:28.094213 #3118]  INFO -- default-centos65: Bringing machine 'default' up with 'virtualbox' provider...
I, [2015-03-29T16:17:28.503340 #3118]  INFO -- default-centos65: ==> default: Importing base box 'learningchef/centos65'...
I, [2015-03-29T16:17:36.730144 #3118]  INFO -- default-centos65: [KProgress: 20%[KProgress: 40%[KProgress: 60%[KProgress: 80%[KProgress: 90%[K==> default: Matching MAC address for NAT networking...
I, [2015-03-29T16:17:36.874427 #3118]  INFO -- default-centos65: ==> default: Checking if box 'learningchef/centos65' is up to date...
I, [2015-03-29T16:17:40.120724 #3118]  INFO -- default-centos65: ==> default: Setting the name of the VM: kitchen-kitchen-default-centos65_default_1427626060086_83466
I, [2015-03-29T16:17:40.505218 #3118]  INFO -- default-centos65: ==> default: Clearing any previously set network interfaces...
I, [2015-03-29T16:17:40.545693 #3118]  INFO -- default-centos65: ==> default: Preparing network interfaces based on configuration...
I, [2015-03-29T16:17:40.546013 #3118]  INFO -- default-centos65:     default: Adapter 1: nat
I, [2015-03-29T16:17:40.587029 #3118]  INFO -- default-centos65: ==> default: Forwarding ports...
I, [2015-03-29T16:17:40.650330 #3118]  INFO -- default-centos65:     default: 22 => 2222 (adapter 1)
I, [2015-03-29T16:17:40.768781 #3118]  INFO -- default-centos65: ==> default: Booting VM...
I, [2015-03-29T16:17:41.013860 #3118]  INFO -- default-centos65: ==> default: Waiting for machine to boot. This may take a few minutes...
I, [2015-03-29T16:17:41.239709 #3118]  INFO -- default-centos65:     default: SSH address: 127.0.0.1:2222
I, [2015-03-29T16:17:41.239864 #3118]  INFO -- default-centos65:     default: SSH username: vagrant
I, [2015-03-29T16:17:41.240232 #3118]  INFO -- default-centos65:     default: SSH auth method: private key
I, [2015-03-29T16:17:56.378156 #3118]  INFO -- default-centos65:     default: Warning: Connection timeout. Retrying...
I, [2015-03-29T16:17:57.047345 #3118]  INFO -- default-centos65: ==> default: Machine booted and ready!
I, [2015-03-29T16:17:57.047839 #3118]  INFO -- default-centos65: ==> default: Checking for guest additions in VM...
I, [2015-03-29T16:17:57.087500 #3118]  INFO -- default-centos65: ==> default: Setting hostname...
I, [2015-03-29T16:18:00.978970 #3118]  INFO -- default-centos65: ==> default: Machine not provisioning because `--no-provision` is specified.
I, [2015-03-29T16:18:02.484523 #3118]  INFO -- default-centos65: Vagrant instance <default-centos65> created.
I, [2015-03-29T16:18:02.489270 #3118]  INFO -- default-centos65: Finished creating <default-centos65> (0m35.51s).
I, [2015-03-29T16:24:18.965406 #3254]  INFO -- default-centos65: -----> Destroying <default-centos65>...
I, [2015-03-29T16:24:21.011602 #3254]  INFO -- default-centos65: ==> default: Forcing shutdown of VM...
I, [2015-03-29T16:24:22.145458 #3254]  INFO -- default-centos65: ==> default: Destroying VM and associated drives...
I, [2015-03-29T16:24:22.379020 #3254]  INFO -- default-centos65: Vagrant instance <default-centos65> destroyed.
I, [2015-03-29T16:24:22.380968 #3254]  INFO -- default-centos65: Finished destroying <default-centos65> (0m3.41s).
